<?xml version="1.0" encoding="UTF-8"?>
<!-- Generated by org.testng.reporters.JUnitXMLReporter -->
<testsuite hostname="NEW375-G6" name="LocalTest3" tests="1" failures="1" timestamp="23 Sep 2021 15:03:48 GMT" time="24.752" errors="0">
  <testcase name="LaunchBrowser" time="5.501" classname="com.demo.test.DemoTest">
    <failure type="org.openqa.selenium.NoSuchElementException" message="
For documentation on this error, please visit: http://seleniumhq.org/exceptions/no_such_element.html
Build info: version: &amp;apos;3.12.0&amp;apos;, revision: &amp;apos;7c6e0b3&amp;apos;, time: &amp;apos;2018-05-08T14:04:26.12Z&amp;apos;
System info: host: &amp;apos;NEW375-G6&amp;apos;, ip: &amp;apos;192.168.99.1&amp;apos;, os.name: &amp;apos;Windows 10&amp;apos;, os.arch: &amp;apos;amd64&amp;apos;, os.version: &amp;apos;10.0&amp;apos;, java.version: &amp;apos;1.8.0_261&amp;apos;
Driver info: org.openqa.selenium.remote.RemoteWebDriver
Capabilities {acceptInsecureCerts: false, browserName: Safari, browserVersion: 12.1.2, javascriptEnabled: true, platform: MAC, platformName: MAC, safari:automaticInspection: false, safari:automaticProfiling: false, safari:diagnose: false, setWindowRect: true, strictFileInteractability: false, webdriver.remote.sessionid: 55c748fc3621dacfabf09eb7a04..., webkit:WebRTC: {DisableICECandidateFiltering: false, DisableInsecureMediaCapture: false}}
Session ID: 55c748fc3621dacfabf09eb7a046dd68f0f03ac3
*** Element info: {Using=xpath, value=//div[text()=&amp;apos;SAMSUNG&amp;apos;]//preceding-sibling::div}">
      <![CDATA[org.openqa.selenium.NoSuchElementException: 
For documentation on this error, please visit: http://seleniumhq.org/exceptions/no_such_element.html
Build info: version: '3.12.0', revision: '7c6e0b3', time: '2018-05-08T14:04:26.12Z'
System info: host: 'NEW375-G6', ip: '192.168.99.1', os.name: 'Windows 10', os.arch: 'amd64', os.version: '10.0', java.version: '1.8.0_261'
Driver info: org.openqa.selenium.remote.RemoteWebDriver
Capabilities {acceptInsecureCerts: false, browserName: Safari, browserVersion: 12.1.2, javascriptEnabled: true, platform: MAC, platformName: MAC, safari:automaticInspection: false, safari:automaticProfiling: false, safari:diagnose: false, setWindowRect: true, strictFileInteractability: false, webdriver.remote.sessionid: 55c748fc3621dacfabf09eb7a04..., webkit:WebRTC: {DisableICECandidateFiltering: false, DisableInsecureMediaCapture: false}}
Session ID: 55c748fc3621dacfabf09eb7a046dd68f0f03ac3
*** Element info: {Using=xpath, value=//div[text()='SAMSUNG']//preceding-sibling::div}
	at org.openqa.selenium.remote.http.W3CHttpResponseCodec.createException(W3CHttpResponseCodec.java:187)
	at org.openqa.selenium.remote.http.W3CHttpResponseCodec.decode(W3CHttpResponseCodec.java:122)
	at org.openqa.selenium.remote.http.W3CHttpResponseCodec.decode(W3CHttpResponseCodec.java:49)
	at org.openqa.selenium.remote.HttpCommandExecutor.execute(HttpCommandExecutor.java:158)
	at org.openqa.selenium.remote.RemoteWebDriver.execute(RemoteWebDriver.java:543)
	at org.openqa.selenium.remote.RemoteWebDriver.findElement(RemoteWebDriver.java:317)
	at org.openqa.selenium.remote.RemoteWebDriver.findElementByXPath(RemoteWebDriver.java:419)
	at org.openqa.selenium.By$ByXPath.findElement(By.java:353)
	at org.openqa.selenium.remote.RemoteWebDriver.findElement(RemoteWebDriver.java:309)
	at com.demo.test.DemoTest.LaunchBrowser(DemoTest.java:24)
... Removed 31 stack frames]]>
    </failure>
  </testcase> <!-- LaunchBrowser -->
</testsuite> <!-- LocalTest3 -->
