<?xml version="1.0" encoding="UTF-8"?>
<testng-results ignored="0" total="1" passed="1" failed="0" skipped="0">
  <reporter-output>
  </reporter-output>
  <suite started-at="2021-09-22T16:05:57Z" name="Default suite" finished-at="2021-09-22T16:05:58Z" duration-ms="38">
    <groups>
    </groups>
    <test started-at="2021-09-22T16:05:57Z" name="Default test" finished-at="2021-09-22T16:05:58Z" duration-ms="38">
      <class name="com.demo.test.DemoTest">
        <test-method signature="sum()[pri:0, instance:com.demo.test.DemoTest@37fb0bed]" started-at="2021-09-22T16:05:58Z" name="sum" finished-at="2021-09-22T16:05:58Z" duration-ms="13" status="PASS">
          <reporter-output>
          </reporter-output>
        </test-method> <!-- sum -->
      </class> <!-- com.demo.test.DemoTest -->
    </test> <!-- Default test -->
  </suite> <!-- Default suite -->
</testng-results>
